\BOOKMARK [1][-]{section*.2}{\376\377\0001\0007\000.\0001\000\040\000G\000r\000a\000p\000h\000\040\000C\000o\000l\000o\000u\000r\000i\000n\000g}{}% 1
\BOOKMARK [2][-]{section*.3}{\376\377\000Q\000u\000e\000s\000t\000i\000o\000n\000\040\0001}{section*.2}% 2
\BOOKMARK [2][-]{section*.4}{\376\377\000Q\000u\000e\000s\000t\000i\000o\000n\000\040\0002}{section*.2}% 3
\BOOKMARK [3][-]{section*.5}{\376\377\000A\000n\000\040\000o\000r\000d\000e\000r\000i\000n\000g\000\040\000g\000u\000a\000r\000a\000n\000t\000e\000e\000i\000n\000g\000\040\000t\000h\000a\000t\000\040\000t\000h\000e\000\040\000g\000r\000e\000e\000d\000y\000\040\000a\000l\000g\000o\000r\000i\000t\000h\000m\000\040\000u\000s\000e\000s\000\040\000n\000o\000\040\000m\000o\000r\000e\000\040\000t\000h\000a\000n\000\040\0003\000\040\000c\000o\000l\000o\000u\000r\000s\000\040\000f\000o\000r\000\040\000G\0003\000\050\0007\0000\000,\000\040\0000\000.\0007\0005\000\051}{section*.4}% 4
\BOOKMARK [3][-]{section*.6}{\376\377\000W\000h\000y\000\040\000w\000a\000s\000\040\000p\000=\0000\000.\0007\0005\000\040\000c\000h\000o\000s\000e\000n\000\040\000h\000e\000r\000e\000?}{section*.4}% 5
\BOOKMARK [3][-]{section*.7}{\376\377\000A\000\040\000g\000r\000a\000p\000h\000\040\000G\000\040\000o\000f\000\040\000o\000r\000d\000e\000r\000\040\0003\000n\000\040\000s\000u\000c\000h\000\040\000t\000h\000a\000t\000\040\000\050\000G\000\051\000\040\000=\000\040\0003\000\040\000b\000u\000t\000\040\000o\000n\000\040\000w\000h\000i\000c\000h\000\040\000g\000r\000e\000e\000d\000y\000\040\000m\000i\000g\000h\000t\000\040\000n\000e\000e\000d\000\040\000n\000\040\000+\000\040\0002\000\040\000c\000o\000l\000o\000u\000r\000s}{section*.4}% 6
\BOOKMARK [2][-]{section*.8}{\376\377\000Q\000u\000e\000s\000t\000i\000o\000n\000\040\0003}{section*.2}% 7
\BOOKMARK [3][-]{section*.9}{\376\377\000A\000n\000\040\000a\000r\000g\000u\000m\000e\000n\000t\000\040\000t\000o\000\040\000s\000u\000g\000g\000e\000s\000t\000\040\000t\000h\000a\000t\000\040\000i\000t\000\040\000i\000s\000\040\000u\000n\000l\000i\000k\000e\000l\000y\000\040\000t\000h\000e\000\040\000g\000r\000e\000e\000d\000y\000-\000t\000y\000p\000e\000\040\000a\000l\000g\000o\000r\000i\000t\000h\000m\000\040\000w\000i\000l\000l\000\040\000f\000i\000n\000d\000\040\000a\000\040\000c\000o\000m\000p\000l\000e\000t\000e\000\040\000s\000u\000b\000g\000r\000a\000p\000h\000\040\000o\000f\000\040\000o\000r\000d\000e\000r\000\040\0001\0004\000\040\000i\000n\000\040\000a\000\040\000g\000r\000a\000p\000h\000\040\000f\000r\000o\000m\000\040\000G\000\050\0002\0000\0000\0000\000,\000\040\0000\000.\0005\000\051\000.}{section*.8}% 8
\BOOKMARK [3][-]{section*.10}{\376\377\000H\000o\000w\000\040\000l\000a\000r\000g\000e\000\040\000d\000o\000\040\000y\000o\000u\000\040\000t\000h\000i\000n\000k\000\040\000a\000\040\000c\000l\000i\000q\000u\000e\000\040\000i\000s\000\040\000l\000i\000k\000e\000l\000y\000\040\000t\000o\000\040\000b\000e\000\040\000i\000n\000\040\000a\000\040\000g\000r\000a\000p\000h\000\040\000f\000r\000o\000m\000\040\000G\000\050\0002\0000\0000\0000\000,\000\040\0000\000.\0005\000\051\000?}{section*.8}% 9
\BOOKMARK [1][-]{section*.11}{\376\377\000A\000p\000p\000e\000n\000d\000i\000x\000\040\000A\000:\000\040\000C\000o\000d\000e}{}% 10
\BOOKMARK [2][-]{section*.12}{\376\377\000M\000a\000t\000r\000i\000c\000e\000s\000.\000c\000s}{section*.11}% 11
\BOOKMARK [2][-]{section*.13}{\376\377\000M\000a\000t\000r\000i\000c\000e\000s\000K\000e\000r\000n\000e\000l\000.\000c\000s}{section*.11}% 12
\BOOKMARK [2][-]{section*.14}{\376\377\000M\000a\000t\000r\000i\000c\000e\000s\000R\000R\000E\000F\000.\000c\000s}{section*.11}% 13
\BOOKMARK [2][-]{section*.15}{\376\377\000A\000r\000r\000a\000y\000E\000x\000t\000e\000n\000s\000i\000o\000n\000s\000.\000c\000s}{section*.11}% 14
\BOOKMARK [2][-]{section*.16}{\376\377\000C\000o\000n\000t\000i\000n\000u\000e\000d\000F\000r\000a\000c\000t\000i\000o\000n\000s\000.\000c\000s}{section*.11}% 15
\BOOKMARK [2][-]{section*.17}{\376\377\000G\000e\000n\000e\000r\000i\000c\000E\000x\000t\000e\000n\000s\000i\000o\000n\000s\000.\000c\000s}{section*.11}% 16
\BOOKMARK [2][-]{section*.18}{\376\377\000M\000o\000d\000u\000l\000a\000r\000A\000r\000i\000t\000h\000m\000e\000t\000i\000c\000.\000c\000s}{section*.11}% 17
\BOOKMARK [2][-]{section*.19}{\376\377\000P\000e\000l\000l\000s\000E\000q\000u\000a\000t\000i\000o\000n\000.\000c\000s}{section*.11}% 18
\BOOKMARK [2][-]{section*.20}{\376\377\000P\000r\000i\000m\000e\000F\000i\000e\000l\000d\000I\000n\000v\000e\000r\000s\000e\000s\000.\000c\000s}{section*.11}% 19
\BOOKMARK [2][-]{section*.21}{\376\377\000P\000r\000i\000m\000e\000s\000A\000n\000d\000F\000a\000c\000t\000o\000r\000i\000s\000a\000t\000i\000o\000n\000.\000c\000s}{section*.11}% 20
\BOOKMARK [2][-]{section*.22}{\376\377\000P\000r\000o\000g\000r\000a\000m\000.\000c\000s}{section*.11}% 21
\BOOKMARK [1][-]{section*.23}{\376\377\000A\000p\000p\000e\000n\000d\000i\000x\000\040\000B\000:\000\040\000O\000u\000t\000p\000u\000t}{}% 22
\BOOKMARK [2][-]{section*.24}{\376\377\000Q\000u\000e\000s\000t\000i\000o\000n\000\040\0001\000\040\000o\000u\000t\000p\000u\000t}{section*.23}% 23
